  Inject DLL.cpp
C:\Users\Giga Gavriel\source\repos\Inject DLL\Inject DLL\Inject DLL.cpp(7,35): error C2143: syntax error: missing ')' before '...'
C:\Users\Giga Gavriel\source\repos\Inject DLL\Inject DLL\Inject DLL.cpp(7,18): error C2660: 'GetFullPathNameA': function does not take 0 arguments
  C:\Program Files (x86)\Windows Kits\10\Include\10.0.22621.0\um\fileapi.h(742,1):
  see declaration of 'GetFullPathNameA'
  C:\Users\Giga Gavriel\source\repos\Inject DLL\Inject DLL\Inject DLL.cpp(7,18):
  while trying to match the argument list '()'
  
C:\Users\Giga Gavriel\source\repos\Inject DLL\Inject DLL\Inject DLL.cpp(7,35): error C2143: syntax error: missing ';' before '...'
C:\Users\Giga Gavriel\source\repos\Inject DLL\Inject DLL\Inject DLL.cpp(7,35): error C2059: syntax error: '...'
C:\Users\Giga Gavriel\source\repos\Inject DLL\Inject DLL\Inject DLL.cpp(7,38): error C2059: syntax error: ')'
C:\Users\Giga Gavriel\source\repos\Inject DLL\Inject DLL\Inject DLL.cpp(10,64): error C2143: syntax error: missing ')' before '...'
C:\Users\Giga Gavriel\source\repos\Inject DLL\Inject DLL\Inject DLL.cpp(10,48): error C2660: 'GetModuleHandleW': function does not take 0 arguments
  C:\Program Files (x86)\Windows Kits\10\Include\10.0.22621.0\um\libloaderapi.h(244,1):
  see declaration of 'GetModuleHandleW'
  C:\Users\Giga Gavriel\source\repos\Inject DLL\Inject DLL\Inject DLL.cpp(10,48):
  while trying to match the argument list '()'
  
C:\Users\Giga Gavriel\source\repos\Inject DLL\Inject DLL\Inject DLL.cpp(10,64): error C3546: '...': there are no parameter packs available to expand
C:\Users\Giga Gavriel\source\repos\Inject DLL\Inject DLL\Inject DLL.cpp(10,70): error C2059: syntax error: 'string'
C:\Users\Giga Gavriel\source\repos\Inject DLL\Inject DLL\Inject DLL.cpp(10,84): error C2059: syntax error: ')'
C:\Users\Giga Gavriel\source\repos\Inject DLL\Inject DLL\Inject DLL.cpp(13,28): error C2143: syntax error: missing ')' before '...'
C:\Users\Giga Gavriel\source\repos\Inject DLL\Inject DLL\Inject DLL.cpp(13,16): error C2660: 'OpenProcess': function does not take 0 arguments
  C:\Program Files (x86)\Windows Kits\10\Include\10.0.22621.0\um\processthreadsapi.h(885,1):
  see declaration of 'OpenProcess'
  C:\Users\Giga Gavriel\source\repos\Inject DLL\Inject DLL\Inject DLL.cpp(13,16):
  while trying to match the argument list '()'
  
C:\Users\Giga Gavriel\source\repos\Inject DLL\Inject DLL\Inject DLL.cpp(13,28): error C2143: syntax error: missing ';' before '...'
C:\Users\Giga Gavriel\source\repos\Inject DLL\Inject DLL\Inject DLL.cpp(13,28): error C2059: syntax error: '...'
C:\Users\Giga Gavriel\source\repos\Inject DLL\Inject DLL\Inject DLL.cpp(13,31): error C2059: syntax error: ')'
C:\Users\Giga Gavriel\source\repos\Inject DLL\Inject DLL\Inject DLL.cpp(16,40): error C2143: syntax error: missing ')' before '...'
C:\Users\Giga Gavriel\source\repos\Inject DLL\Inject DLL\Inject DLL.cpp(16,25): error C2660: 'VirtualAllocEx': function does not take 0 arguments
  C:\Program Files (x86)\Windows Kits\10\Include\10.0.22621.0\um\memoryapi.h(112,1):
  see declaration of 'VirtualAllocEx'
  C:\Users\Giga Gavriel\source\repos\Inject DLL\Inject DLL\Inject DLL.cpp(16,25):
  while trying to match the argument list '()'
  
C:\Users\Giga Gavriel\source\repos\Inject DLL\Inject DLL\Inject DLL.cpp(16,40): error C2143: syntax error: missing ';' before '...'
C:\Users\Giga Gavriel\source\repos\Inject DLL\Inject DLL\Inject DLL.cpp(16,40): error C2059: syntax error: '...'
C:\Users\Giga Gavriel\source\repos\Inject DLL\Inject DLL\Inject DLL.cpp(16,43): error C2059: syntax error: ')'
C:\Users\Giga Gavriel\source\repos\Inject DLL\Inject DLL\Inject DLL.cpp(25,34): error C2143: syntax error: missing ')' before '...'
C:\Users\Giga Gavriel\source\repos\Inject DLL\Inject DLL\Inject DLL.cpp(25,15): error C2660: 'WriteProcessMemory': function does not take 0 arguments
  C:\Program Files (x86)\Windows Kits\10\Include\10.0.22621.0\um\memoryapi.h(164,1):
  see declaration of 'WriteProcessMemory'
  C:\Users\Giga Gavriel\source\repos\Inject DLL\Inject DLL\Inject DLL.cpp(25,15):
  while trying to match the argument list '()'
  
C:\Users\Giga Gavriel\source\repos\Inject DLL\Inject DLL\Inject DLL.cpp(25,34): error C2143: syntax error: missing ';' before '...'
C:\Users\Giga Gavriel\source\repos\Inject DLL\Inject DLL\Inject DLL.cpp(25,34): error C2059: syntax error: '...'
C:\Users\Giga Gavriel\source\repos\Inject DLL\Inject DLL\Inject DLL.cpp(25,37): error C2059: syntax error: ')'
C:\Users\Giga Gavriel\source\repos\Inject DLL\Inject DLL\Inject DLL.cpp(34,38): error C2143: syntax error: missing ')' before '...'
C:\Users\Giga Gavriel\source\repos\Inject DLL\Inject DLL\Inject DLL.cpp(34,19): error C2660: 'CreateRemoteThread': function does not take 0 arguments
  C:\Program Files (x86)\Windows Kits\10\Include\10.0.22621.0\um\processthreadsapi.h(212,1):
  see declaration of 'CreateRemoteThread'
  C:\Users\Giga Gavriel\source\repos\Inject DLL\Inject DLL\Inject DLL.cpp(34,19):
  while trying to match the argument list '()'
  
C:\Users\Giga Gavriel\source\repos\Inject DLL\Inject DLL\Inject DLL.cpp(34,38): error C2143: syntax error: missing ';' before '...'
C:\Users\Giga Gavriel\source\repos\Inject DLL\Inject DLL\Inject DLL.cpp(34,38): error C2059: syntax error: '...'
C:\Users\Giga Gavriel\source\repos\Inject DLL\Inject DLL\Inject DLL.cpp(34,41): error C2059: syntax error: ')'
